{
  "RSpec": {
    "coverage": {
      "/Users/bshmid/Desktop/easybet/app/models/address.rb": [
        null,
        null,
        null,
        1,
        1,
        null,
        1,
        47,
        47,
        47,
        47,
        47,
        47,
        null,
        null
      ],
      "/Users/bshmid/Desktop/easybet/app/models/comp.rb": [
        null,
        null,
        null,
        1,
        1,
        null,
        1,
        25,
        25,
        25,
        null,
        null
      ],
      "/Users/bshmid/Desktop/easybet/app/models/config.rb": [
        null,
        null,
        null,
        1,
        1,
        null,
        1,
        20,
        null,
        null
      ],
      "/Users/bshmid/Desktop/easybet/app/models/event.rb": [
        null,
        null,
        null,
        1,
        1,
        null,
        1,
        47,
        47,
        47,
        47,
        47,
        null,
        null
      ],
      "/Users/bshmid/Desktop/easybet/app/models/market.rb": [
        null,
        null,
        null,
        1,
        1,
        null,
        1,
        47,
        47,
        47,
        47,
        null,
        null
      ],
      "/Users/bshmid/Desktop/easybet/app/models/market_type.rb": [
        null,
        null,
        null,
        null,
        1,
        1,
        null,
        1,
        20,
        20,
        20,
        20,
        20,
        20,
        20,
        null,
        null
      ],
      "/Users/bshmid/Desktop/easybet/app/models/outcome.rb": [
        null,
        null,
        null,
        1,
        1,
        null,
        1,
        152,
        152,
        152,
        152,
        152,
        152,
        null,
        null
      ],
      "/Users/bshmid/Desktop/easybet/app/models/period.rb": [
        null,
        null,
        null,
        1,
        1,
        null,
        1,
        20,
        20,
        20,
        null,
        null
      ],
      "/Users/bshmid/Desktop/easybet/app/models/scoreboard.rb": [
        null,
        null,
        null,
        1,
        1,
        null,
        1,
        47,
        47,
        47,
        47,
        null,
        null
      ],
      "/Users/bshmid/Desktop/easybet/app/models/sport.rb": [
        null,
        null,
        null,
        1,
        1,
        null,
        1,
        20,
        20,
        20,
        20,
        20,
        20,
        20,
        null,
        null
      ],
      "/Users/bshmid/Desktop/easybet/app/concepts/api/base_operation.rb": [
        null,
        null,
        1,
        1,
        1,
        0,
        0,
        null,
        null,
        1,
        0,
        null,
        null,
        1,
        0,
        null,
        null,
        1,
        0,
        null,
        null,
        null
      ],
      "/Users/bshmid/Desktop/easybet/app/concepts/api/v1/sport/operation/index.rb": [
        null,
        null,
        1,
        1,
        1,
        null,
        1,
        null,
        1,
        5,
        5,
        5,
        null,
        null,
        null
      ],
      "/Users/bshmid/Desktop/easybet/app/concepts/api/v1/outcome/operation/show.rb": [
        null,
        null,
        1,
        1,
        1,
        null,
        1,
        null,
        1,
        7,
        7,
        7,
        null,
        null,
        null
      ],
      "/Users/bshmid/Desktop/easybet/app/concepts/api/v1/event/operation/show.rb": [
        null,
        null,
        1,
        1,
        1,
        null,
        1,
        null,
        1,
        11,
        11,
        11,
        null,
        null,
        null
      ],
      "/Users/bshmid/Desktop/easybet/app/lib/response/data.rb": [
        null,
        null,
        1,
        1,
        1,
        null,
        null
      ],
      "/Users/bshmid/Desktop/easybet/app/queries/events/by_sport_id.rb": [
        null,
        null,
        1,
        null,
        1,
        1,
        null,
        1,
        11,
        11,
        null,
        null,
        1,
        11,
        11,
        null,
        11,
        null,
        null,
        1,
        null,
        1,
        22,
        null,
        null,
        1,
        11,
        55,
        11,
        null,
        null,
        null
      ],
      "/Users/bshmid/Desktop/easybet/app/queries/base.rb": [
        null,
        null,
        1,
        1,
        23,
        null,
        null,
        1,
        null
      ],
      "/Users/bshmid/Desktop/easybet/app/services/betvictor/api.rb": [
        null,
        null,
        1,
        1,
        1,
        null,
        null,
        1,
        1,
        1,
        1,
        1,
        null,
        1,
        23,
        null,
        null,
        1,
        null,
        1,
        23,
        23,
        23,
        null,
        0,
        null,
        null,
        null,
        1,
        23,
        23,
        null,
        null,
        null,
        1,
        0,
        0,
        null,
        null,
        null
      ],
      "/Users/bshmid/Desktop/easybet/app/services/base_service.rb": [
        null,
        null,
        1,
        null,
        1,
        1,
        23,
        null,
        null,
        1,
        23,
        null,
        null
      ],
      "/Users/bshmid/Desktop/easybet/app/services/strategy/event_strategy.rb": [
        null,
        null,
        1,
        null,
        1,
        1,
        1,
        1,
        null,
        1,
        36,
        null,
        null,
        null,
        null,
        null,
        null,
        null,
        null
      ],
      "/Users/bshmid/Desktop/easybet/app/services/strategy/base_strategy.rb": [
        null,
        null,
        1,
        null,
        1,
        1,
        1,
        195,
        195,
        327,
        null,
        47,
        null,
        null,
        195,
        null,
        null,
        1,
        226,
        226,
        293,
        null,
        226,
        null,
        null,
        1,
        293,
        293,
        null,
        null,
        null,
        null,
        null,
        null
      ],
      "/Users/bshmid/Desktop/easybet/app/services/strategy/scoreboard_strategy.rb": [
        null,
        null,
        1,
        null,
        1,
        1,
        1,
        null,
        1,
        47,
        null,
        null,
        null,
        null,
        null,
        null,
        null
      ],
      "/Users/bshmid/Desktop/easybet/app/services/strategy/address_strategy.rb": [
        null,
        null,
        1,
        null,
        1,
        1,
        1,
        47,
        null,
        null,
        null,
        null
      ],
      "/Users/bshmid/Desktop/easybet/app/services/strategy/market_strategy.rb": [
        null,
        null,
        1,
        null,
        1,
        1,
        1,
        null,
        1,
        47,
        null,
        null,
        null,
        null,
        null,
        null,
        null
      ],
      "/Users/bshmid/Desktop/easybet/app/services/strategy/outcome_strategy.rb": [
        null,
        null,
        1,
        null,
        1,
        1,
        1,
        206,
        null,
        null,
        null,
        null
      ],
      "/Users/bshmid/Desktop/easybet/app/serializers/event_serializer.rb": [
        null,
        null,
        1,
        1,
        null,
        null,
        null,
        null,
        null,
        null,
        null
      ],
      "/Users/bshmid/Desktop/easybet/app/serializers/base_serializer.rb": [
        null,
        null,
        1,
        1,
        null
      ],
      "/Users/bshmid/Desktop/easybet/app/queries/outcomes/by_sport_and_event.rb": [
        null,
        null,
        1,
        null,
        1,
        1,
        null,
        1,
        7,
        7,
        7,
        null,
        null,
        1,
        7,
        7,
        7,
        null,
        7,
        null,
        null,
        1,
        14,
        null,
        null,
        1,
        7,
        14,
        7,
        null,
        null,
        null,
        1,
        7,
        35,
        7,
        null,
        null,
        null
      ],
      "/Users/bshmid/Desktop/easybet/app/serializers/outcome_serializer.rb": [
        null,
        null,
        1,
        1,
        null,
        null,
        null,
        null,
        null,
        null
      ],
      "/Users/bshmid/Desktop/easybet/app/queries/sports/find_all_sports.rb": [
        null,
        null,
        1,
        null,
        1,
        1,
        null,
        1,
        5,
        null,
        null,
        1,
        5,
        null,
        5,
        null,
        null,
        1,
        5,
        null,
        null,
        null
      ],
      "/Users/bshmid/Desktop/easybet/app/services/strategy/sport_strategy.rb": [
        null,
        null,
        1,
        null,
        1,
        1,
        1,
        1,
        null,
        1,
        5,
        null,
        null,
        null,
        null,
        null,
        null,
        null,
        null
      ],
      "/Users/bshmid/Desktop/easybet/app/services/strategy/market_type_strategy.rb": [
        null,
        null,
        1,
        null,
        1,
        1,
        1,
        null,
        1,
        20,
        null,
        null,
        null,
        null,
        null,
        null,
        null
      ],
      "/Users/bshmid/Desktop/easybet/app/services/strategy/period_strategy.rb": [
        null,
        null,
        1,
        null,
        1,
        1,
        1,
        null,
        1,
        20,
        null,
        null,
        null,
        null,
        null,
        null,
        null
      ],
      "/Users/bshmid/Desktop/easybet/app/services/strategy/config_strategy.rb": [
        null,
        null,
        1,
        null,
        1,
        1,
        1,
        20,
        null,
        null,
        null,
        null
      ],
      "/Users/bshmid/Desktop/easybet/app/services/strategy/comp_strategy.rb": [
        null,
        null,
        1,
        null,
        1,
        1,
        1,
        null,
        1,
        20,
        null,
        null,
        null,
        null,
        null,
        null,
        null
      ],
      "/Users/bshmid/Desktop/easybet/app/serializers/sport_serializer.rb": [
        null,
        null,
        1,
        null,
        1,
        null,
        null,
        null,
        null,
        null,
        null
      ],
      "/Users/bshmid/Desktop/easybet/app/mailers/application_mailer.rb": [
        0,
        0,
        0,
        0
      ],
      "/Users/bshmid/Desktop/easybet/app/serializers/comp_serializer.rb": [
        null,
        null,
        0,
        0,
        0,
        0,
        0,
        0
      ],
      "/Users/bshmid/Desktop/easybet/app/serializers/address_serializer.rb": [
        null,
        null,
        0,
        null,
        0,
        0,
        0,
        0,
        0,
        0,
        null,
        0
      ],
      "/Users/bshmid/Desktop/easybet/app/serializers/period_serializer.rb": [
        null,
        null,
        0,
        0,
        0,
        0,
        0,
        0
      ],
      "/Users/bshmid/Desktop/easybet/app/serializers/config_serializer.rb": [
        null,
        null,
        0,
        0,
        0
      ],
      "/Users/bshmid/Desktop/easybet/app/serializers/market_serializer.rb": [
        null,
        null,
        0,
        0,
        0,
        0,
        0,
        0,
        0
      ],
      "/Users/bshmid/Desktop/easybet/app/serializers/market_type_serializer.rb": [
        null,
        null,
        0,
        null,
        0,
        0,
        0,
        0,
        0,
        0,
        0,
        null,
        0
      ],
      "/Users/bshmid/Desktop/easybet/app/serializers/scoreboard_serializer.rb": [
        null,
        null,
        0,
        0,
        0,
        0,
        0,
        0,
        0
      ],
      "/Users/bshmid/Desktop/easybet/app/lib/helpers/serializer.rb": [
        null,
        null,
        0,
        0,
        0,
        0,
        0,
        0,
        0,
        null,
        0,
        0,
        0,
        0,
        0
      ],
      "/Users/bshmid/Desktop/easybet/app/jobs/application_job.rb": [
        0,
        null,
        null,
        null,
        null,
        null,
        0
      ],
      "/Users/bshmid/Desktop/easybet/app/controllers/application_controller.rb": [
        0,
        0,
        0,
        0,
        0,
        0,
        0
      ],
      "/Users/bshmid/Desktop/easybet/app/controllers/api/v1/outcomes_controller.rb": [
        null,
        null,
        0,
        0,
        0,
        0,
        0,
        0,
        0
      ],
      "/Users/bshmid/Desktop/easybet/app/controllers/api/v1/events_controller.rb": [
        null,
        null,
        0,
        0,
        0,
        0,
        0,
        0,
        0
      ],
      "/Users/bshmid/Desktop/easybet/app/controllers/api/v1/sports_controller.rb": [
        null,
        null,
        0,
        0,
        0,
        0,
        0,
        0,
        0
      ],
      "/Users/bshmid/Desktop/easybet/app/controllers/api/base_controller.rb": [
        null,
        null,
        0,
        0,
        0,
        0,
        0,
        null,
        0,
        null,
        0,
        0,
        0,
        0,
        0
      ],
      "/Users/bshmid/Desktop/easybet/app/handlers/response_errors_handler.rb": [
        null,
        null,
        0,
        0,
        0,
        0,
        0,
        null,
        0,
        0,
        0,
        0,
        0,
        0,
        0,
        0,
        null,
        0,
        null,
        0,
        null,
        0,
        0,
        0,
        null,
        0,
        0,
        0,
        0
      ],
      "/Users/bshmid/Desktop/easybet/app/handlers/json_api/options_handler.rb": [
        null,
        null,
        0,
        0,
        0,
        0,
        0,
        0,
        null,
        0,
        0,
        null,
        0,
        0,
        0,
        0,
        0
      ],
      "/Users/bshmid/Desktop/easybet/app/handlers/error_handler.rb": [
        null,
        null,
        0,
        0,
        0,
        0,
        0,
        null,
        0,
        null,
        0,
        0,
        0,
        0,
        0,
        0,
        0,
        0,
        0,
        0,
        0,
        0
      ],
      "/Users/bshmid/Desktop/easybet/app/handlers/response_success_handler.rb": [
        null,
        null,
        null,
        0,
        0,
        0,
        0,
        0,
        0,
        null,
        0,
        0,
        0,
        0,
        0,
        0,
        0,
        0,
        null,
        0,
        0,
        null,
        0,
        0,
        null,
        0,
        0,
        0,
        0,
        0,
        0,
        0,
        null,
        0,
        null,
        0,
        0
      ],
      "/Users/bshmid/Desktop/easybet/app/handlers/exception_helper.rb": [
        null,
        null,
        0,
        0,
        0,
        0,
        0,
        0,
        null,
        0,
        null,
        0,
        0,
        0,
        0
      ],
      "/Users/bshmid/Desktop/easybet/app/handlers/operation_error.rb": [
        null,
        null,
        0,
        0,
        0,
        0,
        0,
        null,
        0,
        0,
        0,
        null,
        0,
        0,
        0,
        null,
        0,
        null,
        0,
        null,
        0,
        0,
        0,
        0
      ],
      "/Users/bshmid/Desktop/easybet/app/handlers/collection_errors_handler.rb": [
        null,
        null,
        0,
        0,
        0,
        0,
        0,
        0,
        null,
        0,
        0,
        null,
        0,
        0,
        0,
        null,
        0,
        null,
        0,
        null,
        0,
        null,
        0,
        0,
        0,
        null,
        0,
        0,
        0,
        null,
        0,
        0,
        0,
        null,
        0,
        0,
        0,
        0,
        0,
        0,
        null,
        0,
        0,
        0,
        0,
        0
      ],
      "/Users/bshmid/Desktop/easybet/app/handlers/errors/base_error.rb": [
        null,
        null,
        0,
        0,
        0,
        null,
        0,
        0,
        0,
        0,
        0,
        null,
        0,
        null,
        0,
        0,
        0,
        null,
        0,
        0,
        0,
        null,
        0,
        0,
        0,
        null,
        0,
        0,
        0,
        0,
        0,
        0,
        0
      ],
      "/Users/bshmid/Desktop/easybet/app/handlers/errors/not_found.rb": [
        null,
        null,
        0,
        0,
        0,
        null,
        0,
        0,
        0,
        null,
        0,
        0,
        0,
        0,
        0
      ],
      "/Users/bshmid/Desktop/easybet/app/handlers/errors/bad_request.rb": [
        null,
        null,
        0,
        0,
        0,
        0,
        0,
        null,
        0,
        0,
        0,
        0,
        0
      ],
      "/Users/bshmid/Desktop/easybet/app/handlers/response_handler.rb": [
        null,
        null,
        0,
        0,
        0,
        null,
        0,
        null,
        0,
        0,
        null,
        0,
        null,
        0,
        0,
        0,
        null,
        0,
        0,
        0,
        0,
        null,
        0,
        0,
        0,
        null,
        0,
        0,
        0,
        null,
        0,
        0,
        0,
        0
      ],
      "/Users/bshmid/Desktop/easybet/app/channels/application_cable/connection.rb": [
        0,
        0,
        0,
        0
      ],
      "/Users/bshmid/Desktop/easybet/app/channels/application_cable/channel.rb": [
        0,
        0,
        0,
        0
      ]
    },
    "timestamp": 1660820163
  }
}
